# JRE version: Java(TM) SE Runtime Environment (8.0_181-b13) (build 1.8.0_181-b13)
# Java VM: Java HotSpot(TM) 64-Bit Server VM (25.181-b13 mixed mode windows-amd64 compressed oops)
Heap:
 PSYoungGen      total 99328K, used 32047K [0x00000000eab00000, 0x00000000f1800000, 0x0000000100000000)
  eden space 90112K, 26% used [0x00000000eab00000,0x00000000ec23a6c0,0x00000000f0300000)
  from space 9216K, 89% used [0x00000000f0f00000,0x00000000f1711640,0x00000000f1800000)
  to   space 10752K, 0% used [0x00000000f0300000,0x00000000f0300000,0x00000000f0d80000)
 ParOldGen       total 80896K, used 15840K [0x00000000c0000000, 0x00000000c4f00000, 0x00000000eab00000)
  object space 80896K, 19% used [0x00000000c0000000,0x00000000c0f78318,0x00000000c4f00000)
 Metaspace       used 39789K, capacity 40642K, committed 40880K, reserved 1085440K
  class space    used 5532K, capacity 5794K, committed 5808K, reserved 1048576K
GC Heap History (10 events):
Event: 18.953 GC heap before
{Heap before GC invocations=8 (full 1):
 PSYoungGen      total 58880K, used 58675K [0x00000000eab00000, 0x00000000ef900000, 0x0000000100000000)
  eden space 54784K, 100% used [0x00000000eab00000,0x00000000ee080000,0x00000000ee080000)
  from space 4096K, 95% used [0x00000000ef500000,0x00000000ef8ccd90,0x00000000ef900000)
  to   space 10240K, 0% used [0x00000000ee500000,0x00000000ee500000,0x00000000eef00000)
 ParOldGen       total 54784K, used 8020K [0x00000000c0000000, 0x00000000c3580000, 0x00000000eab00000)
  object space 54784K, 14% used [0x00000000c0000000,0x00000000c07d5378,0x00000000c3580000)
 Metaspace       used 27702K, capacity 28178K, committed 28464K, reserved 1073152K
  class space    used 3943K, capacity 4120K, committed 4144K, reserved 1048576K
Event: 18.968 GC heap after
Heap after GC invocations=8 (full 1):
 PSYoungGen      total 65024K, used 6791K [0x00000000eab00000, 0x00000000ef900000, 0x0000000100000000)
  eden space 54784K, 0% used [0x00000000eab00000,0x00000000eab00000,0x00000000ee080000)
  from space 10240K, 66% used [0x00000000ee500000,0x00000000eeba1f78,0x00000000eef00000)
  to   space 4096K, 0% used [0x00000000ef500000,0x00000000ef500000,0x00000000ef900000)
 ParOldGen       total 54784K, used 8020K [0x00000000c0000000, 0x00000000c3580000, 0x00000000eab00000)
  object space 54784K, 14% used [0x00000000c0000000,0x00000000c07d5378,0x00000000c3580000)
 Metaspace       used 27702K, capacity 28178K, committed 28464K, reserved 1073152K
  class space    used 3943K, capacity 4120K, committed 4144K, reserved 1048576K
}
Event: 25.568 GC heap before
{Heap before GC invocations=9 (full 1):
 PSYoungGen      total 65024K, used 61575K [0x00000000eab00000, 0x00000000ef900000, 0x0000000100000000)
  eden space 54784K, 100% used [0x00000000eab00000,0x00000000ee080000,0x00000000ee080000)
  from space 10240K, 66% used [0x00000000ee500000,0x00000000eeba1f78,0x00000000eef00000)
  to   space 4096K, 0% used [0x00000000ef500000,0x00000000ef500000,0x00000000ef900000)
 ParOldGen       total 54784K, used 8020K [0x00000000c0000000, 0x00000000c3580000, 0x00000000eab00000)
  object space 54784K, 14% used [0x00000000c0000000,0x00000000c07d5378,0x00000000c3580000)
 Metaspace       used 31217K, capacity 31860K, committed 32048K, reserved 1077248K
  class space    used 4444K, capacity 4646K, committed 4656K, reserved 1048576K
Event: 25.580 GC heap after
Heap after GC invocations=9 (full 1):
 PSYoungGen      total 68608K, used 4096K [0x00000000eab00000, 0x00000000f1700000, 0x0000000100000000)
  eden space 64512K, 0% used [0x00000000eab00000,0x00000000eab00000,0x00000000eea00000)
  from space 4096K, 100% used [0x00000000ef500000,0x00000000ef900000,0x00000000ef900000)
  to   space 11264K, 0% used [0x00000000eea00000,0x00000000eea00000,0x00000000ef500000)
 ParOldGen       total 54784K, used 13580K [0x00000000c0000000, 0x00000000c3580000, 0x00000000eab00000)
  object space 54784K, 24% used [0x00000000c0000000,0x00000000c0d43110,0x00000000c3580000)
 Metaspace       used 31217K, capacity 31860K, committed 32048K, reserved 1077248K
  class space    used 4444K, capacity 4646K, committed 4656K, reserved 1048576K
}
Event: 25.967 GC heap before
{Heap before GC invocations=10 (full 1):
 PSYoungGen      total 68608K, used 20401K [0x00000000eab00000, 0x00000000f1700000, 0x0000000100000000)
  eden space 64512K, 25% used [0x00000000eab00000,0x00000000ebaec7c8,0x00000000eea00000)
  from space 4096K, 100% used [0x00000000ef500000,0x00000000ef900000,0x00000000ef900000)
  to   space 11264K, 0% used [0x00000000eea00000,0x00000000eea00000,0x00000000ef500000)
 ParOldGen       total 54784K, used 13580K [0x00000000c0000000, 0x00000000c3580000, 0x00000000eab00000)
  object space 54784K, 24% used [0x00000000c0000000,0x00000000c0d43110,0x00000000c3580000)
 Metaspace       used 34633K, capacity 35292K, committed 35496K, reserved 1079296K
  class space    used 4863K, capacity 5067K, committed 5168K, reserved 1048576K
Event: 25.977 GC heap after
Heap after GC invocations=10 (full 1):
 PSYoungGen      total 75776K, used 5885K [0x00000000eab00000, 0x00000000f1980000, 0x0000000100000000)
  eden space 64512K, 0% used [0x00000000eab00000,0x00000000eab00000,0x00000000eea00000)
  from space 11264K, 52% used [0x00000000eea00000,0x00000000eefbf518,0x00000000ef500000)
  to   space 10752K, 0% used [0x00000000f0f00000,0x00000000f0f00000,0x00000000f1980000)
 ParOldGen       total 54784K, used 14380K [0x00000000c0000000, 0x00000000c3580000, 0x00000000eab00000)
  object space 54784K, 26% used [0x00000000c0000000,0x00000000c0e0b150,0x00000000c3580000)
 Metaspace       used 34633K, capacity 35292K, committed 35496K, reserved 1079296K
  class space    used 4863K, capacity 5067K, committed 5168K, reserved 1048576K
}
Event: 25.977 GC heap before
{Heap before GC invocations=11 (full 2):
 PSYoungGen      total 75776K, used 5885K [0x00000000eab00000, 0x00000000f1980000, 0x0000000100000000)
  eden space 64512K, 0% used [0x00000000eab00000,0x00000000eab00000,0x00000000eea00000)
  from space 11264K, 52% used [0x00000000eea00000,0x00000000eefbf518,0x00000000ef500000)
  to   space 10752K, 0% used [0x00000000f0f00000,0x00000000f0f00000,0x00000000f1980000)
 ParOldGen       total 54784K, used 14380K [0x00000000c0000000, 0x00000000c3580000, 0x00000000eab00000)
  object space 54784K, 26% used [0x00000000c0000000,0x00000000c0e0b150,0x00000000c3580000)
 Metaspace       used 34633K, capacity 35292K, committed 35496K, reserved 1079296K
  class space    used 4863K, capacity 5067K, committed 5168K, reserved 1048576K
Event: 26.092 GC heap after
Heap after GC invocations=11 (full 2):
 PSYoungGen      total 75776K, used 0K [0x00000000eab00000, 0x00000000f1980000, 0x0000000100000000)
  eden space 64512K, 0% used [0x00000000eab00000,0x00000000eab00000,0x00000000eea00000)
  from space 11264K, 0% used [0x00000000eea00000,0x00000000eea00000,0x00000000ef500000)
  to   space 10752K, 0% used [0x00000000f0f00000,0x00000000f0f00000,0x00000000f1980000)
 ParOldGen       total 80896K, used 15840K [0x00000000c0000000, 0x00000000c4f00000, 0x00000000eab00000)
  object space 80896K, 19% used [0x00000000c0000000,0x00000000c0f78318,0x00000000c4f00000)
 Metaspace       used 34633K, capacity 35292K, committed 35496K, reserved 1079296K
  class space    used 4863K, capacity 5067K, committed 5168K, reserved 1048576K
}
Event: 27.191 GC heap before
{Heap before GC invocations=12 (full 2):
 PSYoungGen      total 75776K, used 64512K [0x00000000eab00000, 0x00000000f1980000, 0x0000000100000000)
  eden space 64512K, 100% used [0x00000000eab00000,0x00000000eea00000,0x00000000eea00000)
  from space 11264K, 0% used [0x00000000eea00000,0x00000000eea00000,0x00000000ef500000)
  to   space 10752K, 0% used [0x00000000f0f00000,0x00000000f0f00000,0x00000000f1980000)
 ParOldGen       total 80896K, used 15840K [0x00000000c0000000, 0x00000000c4f00000, 0x00000000eab00000)
  object space 80896K, 19% used [0x00000000c0000000,0x00000000c0f78318,0x00000000c4f00000)
 Metaspace       used 37669K, capacity 38410K, committed 38576K, reserved 1083392K
  class space    used 5244K, capacity 5528K, committed 5552K, reserved 1048576K
Event: 27.220 GC heap after
Heap after GC invocations=12 (full 2):
 PSYoungGen      total 99328K, used 8261K [0x00000000eab00000, 0x00000000f1800000, 0x0000000100000000)
  eden space 90112K, 0% used [0x00000000eab00000,0x00000000eab00000,0x00000000f0300000)
  from space 9216K, 89% used [0x00000000f0f00000,0x00000000f1711640,0x00000000f1800000)
  to   space 10752K, 0% used [0x00000000f0300000,0x00000000f0300000,0x00000000f0d80000)
 ParOldGen       total 80896K, used 15840K [0x00000000c0000000, 0x00000000c4f00000, 0x00000000eab00000)
  object space 80896K, 19% used [0x00000000c0000000,0x00000000c0f78318,0x00000000c4f00000)
 Metaspace       used 37669K, capacity 38410K, committed 38576K, reserved 1083392K
  class space    used 5244K, capacity 5528K, committed 5552K, reserved 1048576K
}

